2017-04-04 20:18:20,928:INFO:discord.client: on_ready has successfully been registered as an event
2017-04-04 20:18:20,928:INFO:discord.client: on_member_ban has successfully been registered as an event
2017-04-04 20:18:20,930:INFO:discord.client: logging in using static token
2017-04-04 20:18:21,326:DEBUG:discord.http: GET https://discordapp.com/api/v6/users/@me with None has returned 200
2017-04-04 20:18:21,326:DEBUG:discord.http: GET https://discordapp.com/api/v6/users/@me has received {'username': 'TonyPrivateTEst Announce Bot', 'verified': True, 'mfa_enabled': False, 'bot': True, 'id': '296342218883727361', 'avatar': None, 'discriminator': '3613', 'email': None}
2017-04-04 20:18:21,342:DEBUG:discord.http: GET https://discordapp.com/api/v6/gateway with None has returned 200
2017-04-04 20:18:21,342:DEBUG:discord.http: GET https://discordapp.com/api/v6/gateway has received {'url': 'wss://gateway.discord.gg'}
2017-04-04 20:18:21,600:INFO:discord.gateway: Created websocket connected to wss://gateway.discord.gg?encoding=json&v=6
2017-04-04 20:18:21,600:DEBUG:discord.client: Dispatching event socket_raw_receive
2017-04-04 20:18:21,600:DEBUG:discord.gateway: WebSocket Event: {'t': None, 's': None, 'op': 10, 'd': {'heartbeat_interval': 41250, '_trace': ['discord-gateway-prd-1-10']}}
2017-04-04 20:18:21,600:DEBUG:discord.client: Dispatching event socket_response
2017-04-04 20:18:21,602:INFO:discord.gateway: sent the identify payload to create the websocket
2017-04-04 20:18:21,734:DEBUG:discord.client: Dispatching event socket_raw_receive
2017-04-04 20:18:21,734:DEBUG:discord.gateway: WebSocket Event: {'t': 'READY', 's': 1, 'op': 0, 'd': {'v': 6, 'user_settings': {}, 'user': {'verified': True, 'username': 'TonyPrivateTEst Announce Bot', 'mfa_enabled': False, 'id': '296342218883727361', 'email': None, 'discriminator': '3613', 'bot': True, 'avatar': None}, 'session_id': '5cb01b6cb946cd930c13d173a15435a6', 'relationships': [], 'private_channels': [], 'presences': [], 'guilds': [{'unavailable': True, 'id': '295658036633141251'}, {'unavailable': True, 'id': '295676177803247619'}, {'unavailable': True, 'id': '297002048719945728'}, {'unavailable': True, 'id': '297002151933378570'}, {'unavailable': True, 'id': '297004903396671490'}, {'unavailable': True, 'id': '297005147660222464'}, {'unavailable': True, 'id': '297005279336333312'}, {'unavailable': True, 'id': '297006275202514944'}, {'unavailable': True, 'id': '297006575040856064'}, {'unavailable': True, 'id': '297008077549469696'}], '_trace': ['discord-gateway-prd-1-10', 'discord-sessions-prd-1-10']}}
2017-04-04 20:18:21,734:DEBUG:discord.client: Dispatching event socket_response
2017-04-04 20:18:21,735:DEBUG:discord.client: Dispatching event socket_raw_receive
2017-04-04 20:18:21,736:DEBUG:discord.gateway: WebSocket Event: {'t': 'GUILD_CREATE', 's': 2, 'op': 0, 'd': {'voice_states': [], 'verification_level': 2, 'unavailable': False, 'splash': None, 'roles': [{'position': 0, 'permissions': 103877633, 'name': '@everyone', 'mentionable': False, 'managed': False, 'id': '295676177803247619', 'hoist': False, 'color': 0}, {'position': 10, 'permissions': 2146958463, 'name': 'Owner', 'mentionable': False, 'managed': False, 'id': '295678286300708865', 'hoist': True, 'color': 65362}, {'position': 7, 'permissions': 2146958407, 'name': 'Admin', 'mentionable': False, 'managed': False, 'id': '295678578178260994', 'hoist': True, 'color': 15158332}, {'position': 6, 'permissions': 1341652035, 'name': 'Mod', 'mentionable': False, 'managed': False, 'id': '295678711666049024', 'hoist': True, 'color': 3447003}, {'position': 4, 'permissions': 1178065985, 'name': 'Member+', 'mentionable': False, 'managed': False, 'id': '295678850522808320', 'hoist': False, 'color': 15277667}, {'position': 3, 'permissions': 104320065, 'name': 'Member', 'mentionable': False, 'managed': False, 'id': '295679228760948737', 'hoist': True, 'color': 10181046}, {'position': 5, 'permissions': 104324161, 'name': 'Bot', 'mentionable': False, 'managed': False, 'id': '295679328686047233', 'hoist': True, 'color': 15844367}, {'position': 9, 'permissions': 2146958463, 'name': 'Bot+', 'mentionable': False, 'managed': False, 'id': '295679396000563208', 'hoist': False, 'color': 3066993}, {'position': 2, 'permissions': 103877633, 'name': 'GBL', 'mentionable': False, 'managed': False, 'id': '296211833965248512', 'hoist': False, 'color': 0}, {'position': 1, 'permissions': 66448511, 'name': 'TonyPrivateTEst Announce Bot', 'mentionable': False, 'managed': True, 'id': '296389523221250048', 'hoist': False, 'color': 0}], 'region': 'us-east', 'presences': [{'user': {'id': '106423924614545408'}, 'status': 'online', 'game': {'type': 0, 'name': 'http://tonystark.ga'}}, {'user': {'id': '176338041827360778'}, 'status': 'online', 'game': {'url': None, 'type': 0, 'name': 'Serving: 1529 users'}}, {'user': {'id': '197818276305305602'}, 'status': 'online', 'game': None}, {'user': {'id': '244531479462412288'}, 'status': 'online', 'game': {'type': 0, 'name': 'Warframe'}}, {'user': {'id': '248720413394337792'}, 'status': 'idle', 'game': None}, {'user': {'id': '296198098399657984'}, 'status': 'online', 'game': None}, {'user': {'id': '296342218883727361'}, 'status': 'online', 'game': {'name': 'Important Information.'}}], 'owner_id': '197818276305305602', 'name': 'Mesh', 'mfa_level': 0, 'members': [{'user': {'username': 'The Doctor', 'id': '106423924614545408', 'discriminator': '9274', 'avatar': '7dd0aaa07d45debb3f407b9963e08136'}, 'roles': ['295678286300708865', '295678711666049024', '295679228760948737', '296211833965248512'], 'nick': "Sniper's cuddle bear", 'mute': False, 'joined_at': '2017-03-29T15:34:46.319006+00:00', 'deaf': False}, {'user': {'username': 'LLoydex64', 'id': '111113454684794880', 'discriminator': '3459', 'avatar': '33ab466fc976a464aaeba7954a0dbdb6'}, 'roles': ['295678850522808320', '295679228760948737'], 'nick': None, 'mute': False, 'joined_at': '2017-03-26T23:58:54.002282+00:00', 'deaf': False}, {'user': {'username': 'Sniper', 'id': '130512502302834688', 'discriminator': '8955', 'avatar': '17cf8b74ae90332165a76f79e314d265'}, 'roles': ['295679228760948737'], 'nick': None, 'mute': False, 'joined_at': '2017-03-28T19:59:03.865534+00:00', 'deaf': False}, {'user': {'username': 'Nathan(Zwar)', 'id': '157956584998174721', 'discriminator': '2490', 'avatar': 'eed25b20abe32129b564fb8e80925981'}, 'roles': ['295679228760948737'], 'nick': None, 'mute': False, 'joined_at': '2017-03-29T18:30:59.030360+00:00', 'deaf': False}, {'user': {'username': 'JARVIS', 'id': '176338041827360778', 'discriminator': '3784', 'bot': True, 'avatar': 'fbc17f6c317bfa1050bc329aa0820311'}, 'roles': ['295679396000563208', '295679328686047233'], 'nick': None, 'mute': False, 'joined_at': '2017-03-27T12:26:52.617932+00:00', 'deaf': False}, {'user': {'username': 'Pyxel', 'id': '197818276305305602', 'discriminator': '4687', 'avatar': 'd8fe702efe14f001d22756c8a2d213f0'}, 'roles': ['296211833965248512', '295678286300708865'], 'nick': None, 'mute': False, 'joined_at': '2017-03-26T21:51:34.356000+00:00', 'deaf': False}, {'user': {'username': 'Original', 'id': '231522942868127744', 'discriminator': '9634', 'avatar': '17b3ed841efb6eaf4fd60c9c3598de3e'}, 'roles': ['295679228760948737'], 'nick': None, 'mute': False, 'joined_at': '2017-04-01T23:27:03.751607+00:00', 'deaf': False}, {'user': {'username': 'Meija', 'id': '237656996159946753', 'discriminator': '0279', 'avatar': '57e0d4ef58691d39f2bbe2ed08e26e21'}, 'roles': ['295679228760948737'], 'nick': None, 'mute': True, 'joined_at': '2017-03-31T00:49:04.380372+00:00', 'deaf': True}, {'user': {'username': 'Jake', 'id': '244531479462412288', 'discriminator': '6540', 'avatar': '4c196a30e4fc40d8423bc2609ea9c203'}, 'roles': ['295678711666049024', '295679228760948737'], 'nick': None, 'mute': False, 'joined_at': '2017-04-04T12:49:08.869756+00:00', 'deaf': False}, {'user': {'username': 'INUYAHSHA', 'id': '248720413394337792', 'discriminator': '4549', 'avatar': '2825cd25745937fbc3469fdf3a97fc49'}, 'roles': ['295679228760948737'], 'nick': None, 'mute': False, 'joined_at': '2017-03-27T03:06:47.533642+00:00', 'deaf': False}, {'user': {'username': 'Xeneizear', 'id': '266775191432986627', 'discriminator': '5767', 'avatar': 'a542952ba8788b483d5dabaee01e1b40'}, 'roles': ['295679228760948737'], 'nick': 'Isolated From Humanity', 'mute': False, 'joined_at': '2017-03-29T18:33:41.105475+00:00', 'deaf': False}, {'user': {'username': 'GBLBot', 'id': '296198098399657984', 'discriminator': '6374', 'bot': True, 'avatar': '09575bb853da3a3849204e968822c71c'}, 'roles': ['295679396000563208', '295679328686047233'], 'nick': None, 'mute': False, 'joined_at': '2017-03-28T08:28:52.074750+00:00', 'deaf': False}, {'user': {'username': 'TonyPrivateTEst Announce Bot', 'id': '296342218883727361', 'discriminator': '3613', 'bot': True, 'avatar': None}, 'roles': ['296389523221250048', '295679328686047233', '295679396000563208'], 'nick': None, 'mute': False, 'joined_at': '2017-03-28T21:06:08.975038+00:00', 'deaf': False}, {'user': {'username': 'LaMazeP', 'id': '296573618748522496', 'discriminator': '9406', 'avatar': 'ebce1c8fa5a7d2df75d9f1c3543a592e'}, 'roles': ['295679228760948737'], 'nick': None, 'mute': False, 'joined_at': '2017-03-31T09:06:03.160221+00:00', 'deaf': False}, {'user': {'username': 'Silver', 'id': '298201878456696832', 'discriminator': '9188', 'bot': True, 'avatar': '58a4389ee25ed4c4680f661508ba2912'}, 'roles': ['295679396000563208', '295679328686047233'], 'nick': None, 'mute': False, 'joined_at': '2017-04-02T21:08:41.495265+00:00', 'deaf': False}], 'member_count': 15, 'large': False, 'joined_at': '2017-03-28T21:06:08.975038+00:00', 'id': '295676177803247619', 'icon': 'e3cf04ac0c79d0710cea4fe23379be6e', 'features': [], 'explicit_content_filter': 0, 'emojis': [{'roles': [], 'require_colons': True, 'name': 'Maaa', 'managed': False, 'id': '297025391007236096'}, {'roles': [], 'require_colons': True, 'name': 'afa', 'managed': False, 'id': '297161687100817408'}], 'default_message_notifications': 1, 'channels': [{'type': 0, 'topic': 'Talk About Basically Anything', 'position': 2, 'permission_overwrites': [], 'name': 'general', 'last_message_id': '298786859516035083', 'id': '295676177803247619'}, {'user_limit': 0, 'type': 2, 'position': 0, 'permission_overwrites': [], 'name': 'General 🌏', 'id': '295676178495176705', 'bitrate': 64000}, {'user_limit': 0, 'type': 2, 'position': 3, 'permission_overwrites': [], 'name': 'Away  🚪', 'id': '295677697726873601', 'bitrate': 64000}, {'user_limit': 0, 'type': 2, 'position': 2, 'permission_overwrites': [{'type': 'role', 'id': '295678711666049024', 'deny': 35651584, 'allow': 1048576}, {'type': 'role', 'id': '295678286300708865', 'deny': 35651584, 'allow': 1048576}, {'type': 'role', 'id': '295678578178260994', 'deny': 35651584, 'allow': 1048576}, {'type': 'role', 'id': '295676177803247619', 'deny': 35651584, 'allow': 1048576}, {'type': 'role', 'id': '295679328686047233', 'deny': 0, 'allow': 36700160}, {'type': 'role', 'id': '295678850522808320', 'deny': 35651584, 'allow': 0}, {'type': 'role', 'id': '295679228760948737', 'deny': 35651584, 'allow': 1048576}, {'type': 'role', 'id': '295679396000563208', 'deny': 0, 'allow': 36700160}], 'name': 'Radio 🎵', 'id': '295677862088802304', 'bitrate': 64000}, {'user_limit': 0, 'type': 2, 'position': 1, 'permission_overwrites': [{'type': 'role', 'id': '295678711666049024', 'deny': 0, 'allow': 3145728}, {'type': 'role', 'id': '295678286300708865', 'deny': 0, 'allow': 3145728}, {'type': 'role', 'id': '295678578178260994', 'deny': 0, 'allow': 3145728}, {'type': 'role', 'id': '295676177803247619', 'deny': 3145728, 'allow': 0}], 'name': 'Staff 🍵', 'id': '295677983858098176', 'bitrate': 64000}, {'type': 0, 'topic': 'The Mesh Member Hangout', 'position': 3, 'permission_overwrites': [{'type': 'role', 'id': '295678711666049024', 'deny': 0, 'allow': 1024}, {'type': 'role', 'id': '295678286300708865', 'deny': 0, 'allow': 1024}, {'type': 'role', 'id': '295678578178260994', 'deny': 0, 'allow': 1024}, {'type': 'role', 'id': '295676177803247619', 'deny': 1024, 'allow': 0}, {'type': 'role', 'id': '295679328686047233', 'deny': 0, 'allow': 1024}, {'type': 'role', 'id': '295678850522808320', 'deny': 0, 'allow': 1024}, {'type': 'role', 'id': '295679228760948737', 'deny': 0, 'allow': 1024}, {'type': 'role', 'id': '295679396000563208', 'deny': 0, 'allow': 1024}], 'name': 'members', 'last_message_id': '295971276345049091', 'id': '295680245980463105'}, {'type': 0, 'topic': 'Where Bot Testing And Spam Goes', 'position': 4, 'permission_overwrites': [{'type': 'role', 'id': '295676177803247619', 'deny': 4096, 'allow': 0}], 'name': 'bot-testing', 'last_message_id': '298821137092050944', 'id': '295680409843531777'}, {'type': 0, 'topic': 'Where The Staff Members Chat', 'position': 6, 'permission_overwrites': [{'type': 'role', 'id': '295678711666049024', 'deny': 0, 'allow': 1024}, {'type': 'role', 'id': '295678286300708865', 'deny': 0, 'allow': 1024}, {'type': 'role', 'id': '295678578178260994', 'deny': 0, 'allow': 1024}, {'type': 'role', 'id': '295676177803247619', 'deny': 1024, 'allow': 0}, {'type': 'role', 'id': '295679328686047233', 'deny': 0, 'allow': 1024}, {'type': 'role', 'id': '295679396000563208', 'deny': 0, 'allow': 1024}], 'name': 'staff-chat', 'last_message_id': '298817126708543488', 'id': '295680543486640138'}, {'type': 0, 'topic': 'If You Need Help With Anything, Ask Here', 'position': 7, 'permission_overwrites': [], 'name': 'support', 'last_message_id': '297359151057600512', 'id': '295680652513116160'}, {'type': 0, 'topic': 'Announcements And Other Stuff', 'position': 1, 'permission_overwrites': [{'type': 'role', 'id': '295678286300708865', 'deny': 0, 'allow': 2048}, {'type': 'role', 'id': '295678578178260994', 'deny': 0, 'allow': 2048}, {'type': 'role', 'id': '295676177803247619', 'deny': 2048, 'allow': 0}], 'name': 'news', 'last_message_id': '298853763005808640', 'id': '295680694171074560'}, {'type': 0, 'topic': 'You Must Follow These', 'position': 0, 'permission_overwrites': [{'type': 'role', 'id': '295678286300708865', 'deny': 0, 'allow': 2048}, {'type': 'role', 'id': '295676177803247619', 'deny': 2048, 'allow': 0}], 'name': 'rules', 'last_message_id': '296712882488606721', 'id': '295681276839460867'}, {'type': 0, 'topic': 'Where the highest of staff talk', 'position': 5, 'permission_overwrites': [{'type': 'member', 'id': '244531479462412288', 'deny': 0, 'allow': 68608}, {'type': 'role', 'id': '295678286300708865', 'deny': 0, 'allow': 1024}, {'type': 'role', 'id': '295676177803247619', 'deny': 1024, 'allow': 0}], 'name': 'council-chat', 'last_message_id': '298850802318180353', 'id': '296712492233654272'}, {'user_limit': 2, 'type': 2, 'position': 4, 'permission_overwrites': [{'type': 'role', 'id': '295678711666049024', 'deny': 871366673, 'allow': 0}], 'name': 'Private 🙊', 'id': '297737602445082644', 'bitrate': 64000}], 'application_id': None, 'afk_timeout': 60, 'afk_channel_id': '295677697726873601'}}
2017-04-04 20:18:21,737:DEBUG:discord.client: Dispatching event socket_response
2017-04-04 20:18:21,738:DEBUG:discord.client: Dispatching event server_available
2017-04-04 20:18:21,738:DEBUG:discord.client: Dispatching event socket_raw_receive
2017-04-04 20:18:21,739:DEBUG:discord.gateway: WebSocket Event: {'t': 'GUILD_CREATE', 's': 3, 'op': 0, 'd': {'voice_states': [], 'verification_level': 0, 'unavailable': False, 'splash': None, 'roles': [{'position': 0, 'permissions': 104324161, 'name': '@everyone', 'mentionable': False, 'managed': False, 'id': '295658036633141251', 'hoist': False, 'color': 0}, {'position': 1, 'permissions': 66186303, 'name': 'TonyPrivateTEst Announce Bot', 'mentionable': False, 'managed': True, 'id': '296585830619938816', 'hoist': False, 'color': 0}], 'region': 'eu-west', 'presences': [{'user': {'id': '106423924614545408'}, 'status': 'online', 'game': {'type': 0, 'name': 'http://tonystark.ga'}}, {'user': {'id': '296342218883727361'}, 'status': 'online', 'game': {'name': 'Important Information.'}}], 'owner_id': '278123750522880000', 'name': 'Kill la Kill', 'mfa_level': 0, 'members': [{'user': {'username': 'The Doctor', 'id': '106423924614545408', 'discriminator': '9274', 'avatar': '7dd0aaa07d45debb3f407b9963e08136'}, 'roles': [], 'mute': False, 'joined_at': '2017-03-29T10:07:05.230586+00:00', 'deaf': False}, {'user': {'username': 'Senketsu', 'id': '278123750522880000', 'discriminator': '1940', 'avatar': '118c7798d0d6a0cad05f6090280fa822'}, 'roles': [], 'mute': False, 'joined_at': '2017-03-26T20:39:29.089000+00:00', 'deaf': False}, {'user': {'username': 'TonyPrivateTEst Announce Bot', 'id': '296342218883727361', 'discriminator': '3613', 'bot': True, 'avatar': None}, 'roles': ['296585830619938816'], 'nick': None, 'mute': False, 'joined_at': '2017-03-29T10:06:12.314000+00:00', 'deaf': False}], 'member_count': 3, 'large': False, 'joined_at': '2017-03-29T10:06:12.314000+00:00', 'id': '295658036633141251', 'icon': None, 'features': [], 'explicit_content_filter': 0, 'emojis': [], 'default_message_notifications': 0, 'channels': [{'type': 0, 'topic': None, 'position': 0, 'permission_overwrites': [], 'name': 'general', 'last_message_id': '296665418519543808', 'id': '295658036633141251'}, {'user_limit': 0, 'type': 2, 'position': 0, 'permission_overwrites': [], 'name': 'General', 'id': '295658037127938048', 'bitrate': 64000}], 'application_id': None, 'afk_timeout': 300, 'afk_channel_id': None}}
2017-04-04 20:18:21,739:DEBUG:discord.client: Dispatching event socket_response
2017-04-04 20:18:21,739:DEBUG:discord.client: Dispatching event server_available
2017-04-04 20:18:21,739:DEBUG:discord.client: Dispatching event socket_raw_receive
2017-04-04 20:18:21,740:DEBUG:discord.gateway: WebSocket Event: {'t': 'GUILD_CREATE', 's': 4, 'op': 0, 'd': {'voice_states': [], 'verification_level': 0, 'unavailable': False, 'splash': None, 'roles': [{'position': 0, 'permissions': 104324161, 'name': '@everyone', 'mentionable': False, 'managed': False, 'id': '297002048719945728', 'hoist': False, 'color': 0}], 'region': 'us-west', 'presences': [{'user': {'id': '296342218883727361'}, 'status': 'online', 'game': {'name': 'Important Information.'}}], 'owner_id': '296342218883727361', 'name': 'Abalabala', 'mfa_level': 0, 'members': [{'user': {'username': 'TonyPrivateTEst Announce Bot', 'id': '296342218883727361', 'discriminator': '3613', 'bot': True, 'avatar': None}, 'roles': [], 'mute': False, 'joined_at': '2017-03-30T13:40:06.450000+00:00', 'deaf': False}], 'member_count': 1, 'large': False, 'joined_at': '2017-03-30T13:40:06.450000+00:00', 'id': '297002048719945728', 'icon': None, 'features': [], 'explicit_content_filter': 0, 'emojis': [], 'default_message_notifications': 0, 'channels': [{'type': 0, 'topic': None, 'position': 0, 'permission_overwrites': [], 'name': 'general', 'last_message_id': None, 'id': '297002048719945728'}, {'user_limit': 0, 'type': 2, 'position': 0, 'permission_overwrites': [], 'name': 'General', 'id': '297002048719945729', 'bitrate': 64000}], 'application_id': '296342218883727361', 'afk_timeout': 300, 'afk_channel_id': None}}
2017-04-04 20:18:21,740:DEBUG:discord.client: Dispatching event socket_response
2017-04-04 20:18:21,740:DEBUG:discord.client: Dispatching event server_available
2017-04-04 20:18:21,740:DEBUG:discord.client: Dispatching event socket_raw_receive
2017-04-04 20:18:21,740:DEBUG:discord.gateway: WebSocket Event: {'t': 'GUILD_CREATE', 's': 5, 'op': 0, 'd': {'voice_states': [], 'verification_level': 0, 'unavailable': False, 'splash': None, 'roles': [{'position': 0, 'permissions': 104324161, 'name': '@everyone', 'mentionable': False, 'managed': False, 'id': '297002151933378570', 'hoist': False, 'color': 0}], 'region': 'us-west', 'presences': [{'user': {'id': '296342218883727361'}, 'status': 'online', 'game': {'name': 'Important Information.'}}], 'owner_id': '296342218883727361', 'name': 'Abalabala', 'mfa_level': 0, 'members': [{'user': {'username': 'TonyPrivateTEst Announce Bot', 'id': '296342218883727361', 'discriminator': '3613', 'bot': True, 'avatar': None}, 'roles': [], 'mute': False, 'joined_at': '2017-03-30T13:40:31.057000+00:00', 'deaf': False}], 'member_count': 1, 'large': False, 'joined_at': '2017-03-30T13:40:31.057000+00:00', 'id': '297002151933378570', 'icon': None, 'features': [], 'explicit_content_filter': 0, 'emojis': [], 'default_message_notifications': 0, 'channels': [{'type': 0, 'topic': None, 'position': 0, 'permission_overwrites': [], 'name': 'general', 'last_message_id': None, 'id': '297002151933378570'}, {'user_limit': 0, 'type': 2, 'position': 0, 'permission_overwrites': [], 'name': 'General', 'id': '297002151933378571', 'bitrate': 64000}], 'application_id': '296342218883727361', 'afk_timeout': 300, 'afk_channel_id': None}}
2017-04-04 20:18:21,741:DEBUG:discord.client: Dispatching event socket_response
2017-04-04 20:18:21,741:DEBUG:discord.client: Dispatching event server_available
2017-04-04 20:18:21,741:DEBUG:discord.client: Dispatching event socket_raw_receive
2017-04-04 20:18:21,741:DEBUG:discord.gateway: WebSocket Event: {'t': 'GUILD_CREATE', 's': 6, 'op': 0, 'd': {'voice_states': [], 'verification_level': 0, 'unavailable': False, 'splash': None, 'roles': [{'position': 0, 'permissions': 104324161, 'name': '@everyone', 'mentionable': False, 'managed': False, 'id': '297004903396671490', 'hoist': False, 'color': 0}], 'region': 'us-west', 'presences': [{'user': {'id': '296342218883727361'}, 'status': 'online', 'game': {'name': 'Important Information.'}}], 'owner_id': '296342218883727361', 'name': "Tony's Madhouse", 'mfa_level': 0, 'members': [{'user': {'username': 'TonyPrivateTEst Announce Bot', 'id': '296342218883727361', 'discriminator': '3613', 'bot': True, 'avatar': None}, 'roles': [], 'mute': False, 'joined_at': '2017-03-30T13:51:27.138000+00:00', 'deaf': False}], 'member_count': 1, 'large': False, 'joined_at': '2017-03-30T13:51:27.138000+00:00', 'id': '297004903396671490', 'icon': None, 'features': [], 'explicit_content_filter': 0, 'emojis': [], 'default_message_notifications': 0, 'channels': [{'type': 0, 'topic': None, 'position': 0, 'permission_overwrites': [], 'name': 'general', 'last_message_id': None, 'id': '297004903396671490'}, {'user_limit': 0, 'type': 2, 'position': 0, 'permission_overwrites': [], 'name': 'General', 'id': '297004903396671491', 'bitrate': 64000}], 'application_id': '296342218883727361', 'afk_timeout': 300, 'afk_channel_id': None}}
2017-04-04 20:18:21,742:DEBUG:discord.client: Dispatching event socket_response
2017-04-04 20:18:21,742:DEBUG:discord.client: Dispatching event server_available
2017-04-04 20:18:21,742:DEBUG:discord.client: Dispatching event socket_raw_receive
2017-04-04 20:18:21,743:DEBUG:discord.gateway: WebSocket Event: {'t': 'GUILD_CREATE', 's': 7, 'op': 0, 'd': {'voice_states': [], 'verification_level': 0, 'unavailable': False, 'splash': None, 'roles': [{'position': 0, 'permissions': 104324161, 'name': '@everyone', 'mentionable': False, 'managed': False, 'id': '297005147660222464', 'hoist': False, 'color': 0}], 'region': 'us-west', 'presences': [{'user': {'id': '296342218883727361'}, 'status': 'online', 'game': {'name': 'Important Information.'}}], 'owner_id': '296342218883727361', 'name': "Tony's Madhouse", 'mfa_level': 0, 'members': [{'user': {'username': 'TonyPrivateTEst Announce Bot', 'id': '296342218883727361', 'discriminator': '3613', 'bot': True, 'avatar': None}, 'roles': [], 'mute': False, 'joined_at': '2017-03-30T13:52:25.295000+00:00', 'deaf': False}], 'member_count': 1, 'large': False, 'joined_at': '2017-03-30T13:52:25.295000+00:00', 'id': '297005147660222464', 'icon': None, 'features': [], 'explicit_content_filter': 0, 'emojis': [], 'default_message_notifications': 0, 'channels': [{'type': 0, 'topic': None, 'position': 0, 'permission_overwrites': [], 'name': 'general', 'last_message_id': None, 'id': '297005147660222464'}, {'user_limit': 0, 'type': 2, 'position': 0, 'permission_overwrites': [], 'name': 'General', 'id': '297005147660222465', 'bitrate': 64000}], 'application_id': '296342218883727361', 'afk_timeout': 300, 'afk_channel_id': None}}
2017-04-04 20:18:21,743:DEBUG:discord.client: Dispatching event socket_response
2017-04-04 20:18:21,743:DEBUG:discord.client: Dispatching event server_available
2017-04-04 20:18:21,743:DEBUG:discord.client: Dispatching event socket_raw_receive
2017-04-04 20:18:21,744:DEBUG:discord.gateway: WebSocket Event: {'t': 'GUILD_CREATE', 's': 8, 'op': 0, 'd': {'voice_states': [], 'verification_level': 0, 'unavailable': False, 'splash': None, 'roles': [{'position': 0, 'permissions': 104324161, 'name': '@everyone', 'mentionable': False, 'managed': False, 'id': '297005279336333312', 'hoist': False, 'color': 0}], 'region': 'us-west', 'presences': [{'user': {'id': '296342218883727361'}, 'status': 'online', 'game': {'name': 'Important Information.'}}], 'owner_id': '296342218883727361', 'name': "Tony's Fun shit", 'mfa_level': 0, 'members': [{'user': {'username': 'TonyPrivateTEst Announce Bot', 'id': '296342218883727361', 'discriminator': '3613', 'bot': True, 'avatar': None}, 'roles': [], 'mute': False, 'joined_at': '2017-03-30T13:52:56.689000+00:00', 'deaf': False}], 'member_count': 1, 'large': False, 'joined_at': '2017-03-30T13:52:56.689000+00:00', 'id': '297005279336333312', 'icon': None, 'features': [], 'explicit_content_filter': 0, 'emojis': [], 'default_message_notifications': 0, 'channels': [{'type': 0, 'topic': None, 'position': 0, 'permission_overwrites': [], 'name': 'general', 'last_message_id': None, 'id': '297005279336333312'}, {'user_limit': 0, 'type': 2, 'position': 0, 'permission_overwrites': [], 'name': 'General', 'id': '297005279336333313', 'bitrate': 64000}], 'application_id': '296342218883727361', 'afk_timeout': 300, 'afk_channel_id': None}}
2017-04-04 20:18:21,744:DEBUG:discord.client: Dispatching event socket_response
2017-04-04 20:18:21,744:DEBUG:discord.client: Dispatching event server_available
2017-04-04 20:18:21,825:DEBUG:discord.client: Dispatching event socket_raw_receive
2017-04-04 20:18:21,826:DEBUG:discord.gateway: WebSocket Event: {'t': 'GUILD_CREATE', 's': 9, 'op': 0, 'd': {'voice_states': [], 'verification_level': 0, 'unavailable': False, 'splash': None, 'roles': [{'position': 0, 'permissions': 104324161, 'name': '@everyone', 'mentionable': False, 'managed': False, 'id': '297006275202514944', 'hoist': False, 'color': 0}], 'region': 'us-west', 'presences': [{'user': {'id': '296342218883727361'}, 'status': 'online', 'game': {'name': 'Important Information.'}}], 'owner_id': '296342218883727361', 'name': "Tony's Murder House", 'mfa_level': 0, 'members': [{'user': {'username': 'TonyPrivateTEst Announce Bot', 'id': '296342218883727361', 'discriminator': '3613', 'bot': True, 'avatar': None}, 'roles': [], 'mute': False, 'joined_at': '2017-03-30T13:56:54.121000+00:00', 'deaf': False}], 'member_count': 1, 'large': False, 'joined_at': '2017-03-30T13:56:54.121000+00:00', 'id': '297006275202514944', 'icon': None, 'features': [], 'explicit_content_filter': 0, 'emojis': [], 'default_message_notifications': 0, 'channels': [{'type': 0, 'topic': None, 'position': 0, 'permission_overwrites': [], 'name': 'general', 'last_message_id': None, 'id': '297006275202514944'}, {'user_limit': 0, 'type': 2, 'position': 0, 'permission_overwrites': [], 'name': 'General', 'id': '297006275202514945', 'bitrate': 64000}], 'application_id': '296342218883727361', 'afk_timeout': 300, 'afk_channel_id': None}}
2017-04-04 20:18:21,826:DEBUG:discord.client: Dispatching event socket_response
2017-04-04 20:18:21,826:DEBUG:discord.client: Dispatching event server_available
2017-04-04 20:18:21,826:DEBUG:discord.client: Dispatching event socket_raw_receive
2017-04-04 20:18:21,827:DEBUG:discord.gateway: WebSocket Event: {'t': 'GUILD_CREATE', 's': 10, 'op': 0, 'd': {'voice_states': [], 'verification_level': 0, 'unavailable': False, 'splash': None, 'roles': [{'position': 0, 'permissions': 104324161, 'name': '@everyone', 'mentionable': False, 'managed': False, 'id': '297006575040856064', 'hoist': False, 'color': 0}], 'region': 'us-west', 'presences': [{'user': {'id': '296342218883727361'}, 'status': 'online', 'game': {'name': 'Important Information.'}}], 'owner_id': '296342218883727361', 'name': "Tony's Mardi Grass plaza", 'mfa_level': 0, 'members': [{'user': {'username': 'TonyPrivateTEst Announce Bot', 'id': '296342218883727361', 'discriminator': '3613', 'bot': True, 'avatar': None}, 'roles': [], 'mute': False, 'joined_at': '2017-03-30T13:58:05.610000+00:00', 'deaf': False}], 'member_count': 1, 'large': False, 'joined_at': '2017-03-30T13:58:05.610000+00:00', 'id': '297006575040856064', 'icon': None, 'features': [], 'explicit_content_filter': 0, 'emojis': [], 'default_message_notifications': 0, 'channels': [{'type': 0, 'topic': None, 'position': 0, 'permission_overwrites': [], 'name': 'general', 'last_message_id': None, 'id': '297006575040856064'}, {'user_limit': 0, 'type': 2, 'position': 0, 'permission_overwrites': [], 'name': 'General', 'id': '297006575040856065', 'bitrate': 64000}], 'application_id': '296342218883727361', 'afk_timeout': 300, 'afk_channel_id': None}}
2017-04-04 20:18:21,827:DEBUG:discord.client: Dispatching event socket_response
2017-04-04 20:18:21,827:DEBUG:discord.client: Dispatching event server_available
2017-04-04 20:18:21,827:DEBUG:discord.client: Dispatching event socket_raw_receive
2017-04-04 20:18:21,828:DEBUG:discord.gateway: WebSocket Event: {'t': 'GUILD_CREATE', 's': 11, 'op': 0, 'd': {'voice_states': [], 'verification_level': 0, 'unavailable': False, 'splash': None, 'roles': [{'position': 0, 'permissions': 104324161, 'name': '@everyone', 'mentionable': False, 'managed': False, 'id': '297008077549469696', 'hoist': False, 'color': 0}], 'region': 'us-west', 'presences': [{'user': {'id': '296342218883727361'}, 'status': 'online', 'game': {'name': 'Important Information.'}}], 'owner_id': '296342218883727361', 'name': 'Mosmorde', 'mfa_level': 0, 'members': [{'user': {'username': 'TonyPrivateTEst Announce Bot', 'id': '296342218883727361', 'discriminator': '3613', 'bot': True, 'avatar': None}, 'roles': [], 'mute': False, 'joined_at': '2017-03-30T14:04:03.834000+00:00', 'deaf': False}], 'member_count': 1, 'large': False, 'joined_at': '2017-03-30T14:04:03.834000+00:00', 'id': '297008077549469696', 'icon': None, 'features': [], 'explicit_content_filter': 0, 'emojis': [], 'default_message_notifications': 0, 'channels': [{'type': 0, 'topic': None, 'position': 0, 'permission_overwrites': [], 'name': 'general', 'last_message_id': None, 'id': '297008077549469696'}, {'user_limit': 0, 'type': 2, 'position': 0, 'permission_overwrites': [], 'name': 'General', 'id': '297008077549469697', 'bitrate': 64000}], 'application_id': '296342218883727361', 'afk_timeout': 300, 'afk_channel_id': None}}
2017-04-04 20:18:21,828:DEBUG:discord.client: Dispatching event socket_response
2017-04-04 20:18:21,828:DEBUG:discord.client: Dispatching event server_available
2017-04-04 20:18:23,735:DEBUG:discord.client: Dispatching event ready
2017-04-04 20:18:23,735:DEBUG:discord.gateway: Sending "{"op":3,"d":{"game":{"name":"Important Information."},"afk":false,"since":0.0,"status":"invisible"}}" to change status
2017-04-04 20:18:23,735:DEBUG:discord.client: Dispatching event socket_raw_send
2017-04-04 20:18:43,488:DEBUG:discord.client: Dispatching event socket_raw_receive
2017-04-04 20:18:43,488:DEBUG:discord.gateway: WebSocket Event: {'t': 'PRESENCE_UPDATE', 's': 12, 'op': 0, 'd': {'user': {'id': '176338041827360778'}, 'status': 'online', 'roles': ['295679396000563208', '295679328686047233'], 'nick': None, 'guild_id': '295676177803247619', 'game': {'url': None, 'type': 0, 'name': 'Now playing: 0'}}}
2017-04-04 20:18:43,488:DEBUG:discord.client: Dispatching event socket_response
2017-04-04 20:18:43,489:DEBUG:discord.client: Dispatching event member_update
2017-04-04 20:19:02,852:DEBUG:discord.gateway: Keeping websocket alive with sequence 12
2017-04-04 20:19:02,964:DEBUG:discord.client: Dispatching event socket_raw_receive
2017-04-04 20:19:02,965:DEBUG:discord.gateway: WebSocket Event: {'t': None, 's': None, 'op': 11, 'd': None}
2017-04-04 20:19:02,965:DEBUG:discord.client: Dispatching event socket_response
2017-04-04 20:19:43,492:DEBUG:discord.client: Dispatching event socket_raw_receive
2017-04-04 20:19:43,493:DEBUG:discord.gateway: WebSocket Event: {'t': 'PRESENCE_UPDATE', 's': 13, 'op': 0, 'd': {'user': {'id': '176338041827360778'}, 'status': 'online', 'roles': ['295679396000563208', '295679328686047233'], 'nick': None, 'guild_id': '295676177803247619', 'game': {'url': None, 'type': 0, 'name': 'Current queue: 0'}}}
2017-04-04 20:19:43,493:DEBUG:discord.client: Dispatching event socket_response
2017-04-04 20:19:43,493:DEBUG:discord.client: Dispatching event member_update
2017-04-04 20:19:44,104:DEBUG:discord.gateway: Keeping websocket alive with sequence 13
2017-04-04 20:19:44,212:DEBUG:discord.client: Dispatching event socket_raw_receive
2017-04-04 20:19:44,213:DEBUG:discord.gateway: WebSocket Event: {'t': None, 's': None, 'op': 11, 'd': None}
2017-04-04 20:19:44,213:DEBUG:discord.client: Dispatching event socket_response
2017-04-04 20:20:25,355:DEBUG:discord.gateway: Keeping websocket alive with sequence 13
2017-04-04 20:20:25,468:DEBUG:discord.client: Dispatching event socket_raw_receive
2017-04-04 20:20:25,468:DEBUG:discord.gateway: WebSocket Event: {'t': None, 's': None, 'op': 11, 'd': None}
2017-04-04 20:20:25,469:DEBUG:discord.client: Dispatching event socket_response
2017-04-04 20:20:31,586:DEBUG:discord.client: Dispatching event socket_raw_receive
2017-04-04 20:20:31,586:DEBUG:discord.gateway: WebSocket Event: {'t': 'PRESENCE_UPDATE', 's': 14, 'op': 0, 'd': {'user': {'id': '197818276305305602'}, 'status': 'idle', 'roles': ['296211833965248512', '295678286300708865'], 'nick': None, 'guild_id': '295676177803247619', 'game': None}}
2017-04-04 20:20:31,586:DEBUG:discord.client: Dispatching event socket_response
2017-04-04 20:20:31,587:DEBUG:discord.client: Dispatching event member_update
2017-04-04 20:20:43,492:DEBUG:discord.client: Dispatching event socket_raw_receive
2017-04-04 20:20:43,493:DEBUG:discord.gateway: WebSocket Event: {'t': 'PRESENCE_UPDATE', 's': 15, 'op': 0, 'd': {'user': {'id': '176338041827360778'}, 'status': 'online', 'roles': ['295679396000563208', '295679328686047233'], 'nick': None, 'guild_id': '295676177803247619', 'game': {'url': None, 'type': 0, 'name': 'Current server time: 20:20 WEST'}}}
2017-04-04 20:20:43,493:DEBUG:discord.client: Dispatching event socket_response
2017-04-04 20:20:43,493:DEBUG:discord.client: Dispatching event member_update
2017-04-04 20:21:06,607:DEBUG:discord.gateway: Keeping websocket alive with sequence 15
2017-04-04 20:21:06,717:DEBUG:discord.client: Dispatching event socket_raw_receive
2017-04-04 20:21:06,717:DEBUG:discord.gateway: WebSocket Event: {'t': None, 's': None, 'op': 11, 'd': None}
2017-04-04 20:21:06,717:DEBUG:discord.client: Dispatching event socket_response
2017-04-04 20:21:21,569:DEBUG:discord.client: Dispatching event socket_raw_receive
2017-04-04 20:21:21,570:DEBUG:discord.gateway: WebSocket Event: {'t': 'PRESENCE_UPDATE', 's': 16, 'op': 0, 'd': {'user': {'id': '197818276305305602'}, 'status': 'online', 'roles': ['296211833965248512', '295678286300708865'], 'nick': None, 'guild_id': '295676177803247619', 'game': None}}
2017-04-04 20:21:21,570:DEBUG:discord.client: Dispatching event socket_response
2017-04-04 20:21:21,570:DEBUG:discord.client: Dispatching event member_update
2017-04-04 20:21:43,512:DEBUG:discord.client: Dispatching event socket_raw_receive
2017-04-04 20:21:43,512:DEBUG:discord.gateway: WebSocket Event: {'t': 'PRESENCE_UPDATE', 's': 17, 'op': 0, 'd': {'user': {'id': '176338041827360778'}, 'status': 'online', 'roles': ['295679396000563208', '295679328686047233'], 'nick': None, 'guild_id': '295676177803247619', 'game': {'url': None, 'type': 0, 'name': 'Shard: 0 of the 4'}}}
2017-04-04 20:21:43,512:DEBUG:discord.client: Dispatching event socket_response
2017-04-04 20:21:43,512:DEBUG:discord.client: Dispatching event member_update
2017-04-04 20:21:47,858:DEBUG:discord.gateway: Keeping websocket alive with sequence 17
2017-04-04 20:21:47,965:DEBUG:discord.client: Dispatching event socket_raw_receive
2017-04-04 20:21:47,965:DEBUG:discord.gateway: WebSocket Event: {'t': None, 's': None, 'op': 11, 'd': None}
2017-04-04 20:21:47,965:DEBUG:discord.client: Dispatching event socket_response
2017-04-04 20:22:29,110:DEBUG:discord.gateway: Keeping websocket alive with sequence 17
2017-04-04 20:22:29,218:DEBUG:discord.client: Dispatching event socket_raw_receive
2017-04-04 20:22:29,218:DEBUG:discord.gateway: WebSocket Event: {'t': None, 's': None, 'op': 11, 'd': None}
2017-04-04 20:22:29,218:DEBUG:discord.client: Dispatching event socket_response
2017-04-04 20:22:43,507:DEBUG:discord.client: Dispatching event socket_raw_receive
2017-04-04 20:22:43,508:DEBUG:discord.gateway: WebSocket Event: {'t': 'PRESENCE_UPDATE', 's': 18, 'op': 0, 'd': {'user': {'id': '176338041827360778'}, 'status': 'online', 'roles': ['295679396000563208', '295679328686047233'], 'nick': None, 'guild_id': '295676177803247619', 'game': {'url': None, 'type': 0, 'name': 'Current shard connected to: 10'}}}
2017-04-04 20:22:43,508:DEBUG:discord.client: Dispatching event socket_response
2017-04-04 20:22:43,508:DEBUG:discord.client: Dispatching event member_update
2017-04-04 20:23:10,361:DEBUG:discord.gateway: Keeping websocket alive with sequence 18
2017-04-04 20:23:10,468:DEBUG:discord.client: Dispatching event socket_raw_receive
2017-04-04 20:23:10,468:DEBUG:discord.gateway: WebSocket Event: {'t': None, 's': None, 'op': 11, 'd': None}
2017-04-04 20:23:10,468:DEBUG:discord.client: Dispatching event socket_response
2017-04-04 20:23:43,512:DEBUG:discord.client: Dispatching event socket_raw_receive
2017-04-04 20:23:43,512:DEBUG:discord.gateway: WebSocket Event: {'t': 'PRESENCE_UPDATE', 's': 19, 'op': 0, 'd': {'user': {'id': '176338041827360778'}, 'status': 'online', 'roles': ['295679396000563208', '295679328686047233'], 'nick': None, 'guild_id': '295676177803247619', 'game': {'url': None, 'type': 0, 'name': 'Connected to: 35 servers'}}}
2017-04-04 20:23:43,512:DEBUG:discord.client: Dispatching event socket_response
2017-04-04 20:23:43,512:DEBUG:discord.client: Dispatching event member_update
2017-04-04 20:23:51,613:DEBUG:discord.gateway: Keeping websocket alive with sequence 19
2017-04-04 20:23:51,728:DEBUG:discord.client: Dispatching event socket_raw_receive
2017-04-04 20:23:51,728:DEBUG:discord.gateway: WebSocket Event: {'t': None, 's': None, 'op': 11, 'd': None}
2017-04-04 20:23:51,728:DEBUG:discord.client: Dispatching event socket_response
2017-04-04 20:24:32,864:DEBUG:discord.gateway: Keeping websocket alive with sequence 19
2017-04-04 20:24:32,976:DEBUG:discord.client: Dispatching event socket_raw_receive
2017-04-04 20:24:32,976:DEBUG:discord.gateway: WebSocket Event: {'t': None, 's': None, 'op': 11, 'd': None}
2017-04-04 20:24:32,976:DEBUG:discord.client: Dispatching event socket_response
2017-04-04 20:24:43,511:DEBUG:discord.client: Dispatching event socket_raw_receive
2017-04-04 20:24:43,511:DEBUG:discord.gateway: WebSocket Event: {'t': 'PRESENCE_UPDATE', 's': 20, 'op': 0, 'd': {'user': {'id': '176338041827360778'}, 'status': 'online', 'roles': ['295679396000563208', '295679328686047233'], 'nick': None, 'guild_id': '295676177803247619', 'game': {'url': None, 'type': 0, 'name': 'Serving: 1530 users'}}}
2017-04-04 20:24:43,511:DEBUG:discord.client: Dispatching event socket_response
2017-04-04 20:24:43,511:DEBUG:discord.client: Dispatching event member_update
2017-04-04 20:25:14,115:DEBUG:discord.gateway: Keeping websocket alive with sequence 20
2017-04-04 20:25:14,226:DEBUG:discord.client: Dispatching event socket_raw_receive
2017-04-04 20:25:14,226:DEBUG:discord.gateway: WebSocket Event: {'t': None, 's': None, 'op': 11, 'd': None}
2017-04-04 20:25:14,226:DEBUG:discord.client: Dispatching event socket_response
2017-04-04 20:25:43,538:DEBUG:discord.client: Dispatching event socket_raw_receive
2017-04-04 20:25:43,538:DEBUG:discord.gateway: WebSocket Event: {'t': 'PRESENCE_UPDATE', 's': 21, 'op': 0, 'd': {'user': {'id': '176338041827360778'}, 'status': 'online', 'roles': ['295679396000563208', '295679328686047233'], 'nick': None, 'guild_id': '295676177803247619', 'game': {'url': None, 'type': 0, 'name': 'Now playing: 0'}}}
2017-04-04 20:25:43,538:DEBUG:discord.client: Dispatching event socket_response
2017-04-04 20:25:43,538:DEBUG:discord.client: Dispatching event member_update
2017-04-04 20:25:55,367:DEBUG:discord.gateway: Keeping websocket alive with sequence 21
2017-04-04 20:25:55,474:DEBUG:discord.client: Dispatching event socket_raw_receive
2017-04-04 20:25:55,475:DEBUG:discord.gateway: WebSocket Event: {'t': None, 's': None, 'op': 11, 'd': None}
2017-04-04 20:25:55,475:DEBUG:discord.client: Dispatching event socket_response
2017-04-04 20:26:36,618:DEBUG:discord.gateway: Keeping websocket alive with sequence 21
2017-04-04 20:26:36,733:DEBUG:discord.client: Dispatching event socket_raw_receive
2017-04-04 20:26:36,733:DEBUG:discord.gateway: WebSocket Event: {'t': None, 's': None, 'op': 11, 'd': None}
2017-04-04 20:26:36,734:DEBUG:discord.client: Dispatching event socket_response
2017-04-04 20:26:43,527:DEBUG:discord.client: Dispatching event socket_raw_receive
2017-04-04 20:26:43,528:DEBUG:discord.gateway: WebSocket Event: {'t': 'PRESENCE_UPDATE', 's': 22, 'op': 0, 'd': {'user': {'id': '176338041827360778'}, 'status': 'online', 'roles': ['295679396000563208', '295679328686047233'], 'nick': None, 'guild_id': '295676177803247619', 'game': {'url': None, 'type': 0, 'name': 'Current queue: 0'}}}
2017-04-04 20:26:43,528:DEBUG:discord.client: Dispatching event socket_response
2017-04-04 20:26:43,528:DEBUG:discord.client: Dispatching event member_update
2017-04-04 20:27:17,871:DEBUG:discord.gateway: Keeping websocket alive with sequence 22
2017-04-04 20:27:17,982:DEBUG:discord.client: Dispatching event socket_raw_receive
2017-04-04 20:27:17,982:DEBUG:discord.gateway: WebSocket Event: {'t': None, 's': None, 'op': 11, 'd': None}
2017-04-04 20:27:17,982:DEBUG:discord.client: Dispatching event socket_response
2017-04-04 20:27:43,785:DEBUG:discord.client: Dispatching event socket_raw_receive
2017-04-04 20:27:43,785:DEBUG:discord.gateway: WebSocket Event: {'t': 'PRESENCE_UPDATE', 's': 23, 'op': 0, 'd': {'user': {'id': '176338041827360778'}, 'status': 'online', 'roles': ['295679396000563208', '295679328686047233'], 'nick': None, 'guild_id': '295676177803247619', 'game': {'url': None, 'type': 0, 'name': 'Current server time: 20:27 WEST'}}}
2017-04-04 20:27:43,785:DEBUG:discord.client: Dispatching event socket_response
2017-04-04 20:27:43,786:DEBUG:discord.client: Dispatching event member_update
2017-04-04 20:27:59,123:DEBUG:discord.gateway: Keeping websocket alive with sequence 23
2017-04-04 20:27:59,245:DEBUG:discord.client: Dispatching event socket_raw_receive
2017-04-04 20:27:59,245:DEBUG:discord.gateway: WebSocket Event: {'t': None, 's': None, 'op': 11, 'd': None}
2017-04-04 20:27:59,245:DEBUG:discord.client: Dispatching event socket_response
2017-04-04 20:28:40,375:DEBUG:discord.gateway: Keeping websocket alive with sequence 23
2017-04-04 20:28:40,493:DEBUG:discord.client: Dispatching event socket_raw_receive
2017-04-04 20:28:40,494:DEBUG:discord.gateway: WebSocket Event: {'t': None, 's': None, 'op': 11, 'd': None}
2017-04-04 20:28:40,494:DEBUG:discord.client: Dispatching event socket_response
2017-04-04 20:28:43,546:DEBUG:discord.client: Dispatching event socket_raw_receive
2017-04-04 20:28:43,546:DEBUG:discord.gateway: WebSocket Event: {'t': 'PRESENCE_UPDATE', 's': 24, 'op': 0, 'd': {'user': {'id': '176338041827360778'}, 'status': 'online', 'roles': ['295679396000563208', '295679328686047233'], 'nick': None, 'guild_id': '295676177803247619', 'game': {'url': None, 'type': 0, 'name': 'Shard: 0 of the 4'}}}
2017-04-04 20:28:43,547:DEBUG:discord.client: Dispatching event socket_response
2017-04-04 20:28:43,547:DEBUG:discord.client: Dispatching event member_update
2017-04-04 20:29:21,627:DEBUG:discord.gateway: Keeping websocket alive with sequence 24
2017-04-04 20:29:21,735:DEBUG:discord.client: Dispatching event socket_raw_receive
2017-04-04 20:29:21,735:DEBUG:discord.gateway: WebSocket Event: {'t': None, 's': None, 'op': 11, 'd': None}
2017-04-04 20:29:21,736:DEBUG:discord.client: Dispatching event socket_response
2017-04-04 20:29:43,551:DEBUG:discord.client: Dispatching event socket_raw_receive
2017-04-04 20:29:43,552:DEBUG:discord.gateway: WebSocket Event: {'t': 'PRESENCE_UPDATE', 's': 25, 'op': 0, 'd': {'user': {'id': '176338041827360778'}, 'status': 'online', 'roles': ['295679396000563208', '295679328686047233'], 'nick': None, 'guild_id': '295676177803247619', 'game': {'url': None, 'type': 0, 'name': 'Current shard connected to: 10'}}}
2017-04-04 20:29:43,552:DEBUG:discord.client: Dispatching event socket_response
2017-04-04 20:29:43,552:DEBUG:discord.client: Dispatching event member_update
2017-04-04 20:30:02,879:DEBUG:discord.gateway: Keeping websocket alive with sequence 25
2017-04-04 20:30:02,985:DEBUG:discord.client: Dispatching event socket_raw_receive
2017-04-04 20:30:02,986:DEBUG:discord.gateway: WebSocket Event: {'t': None, 's': None, 'op': 11, 'd': None}
2017-04-04 20:30:02,986:DEBUG:discord.client: Dispatching event socket_response
2017-04-04 20:30:43,573:DEBUG:discord.client: Dispatching event socket_raw_receive
2017-04-04 20:30:43,573:DEBUG:discord.gateway: WebSocket Event: {'t': 'PRESENCE_UPDATE', 's': 26, 'op': 0, 'd': {'user': {'id': '176338041827360778'}, 'status': 'online', 'roles': ['295679396000563208', '295679328686047233'], 'nick': None, 'guild_id': '295676177803247619', 'game': {'url': None, 'type': 0, 'name': 'Connected to: 35 servers'}}}
2017-04-04 20:30:43,573:DEBUG:discord.client: Dispatching event socket_response
2017-04-04 20:30:43,573:DEBUG:discord.client: Dispatching event member_update
2017-04-04 20:30:44,131:DEBUG:discord.gateway: Keeping websocket alive with sequence 26
2017-04-04 20:30:44,238:DEBUG:discord.client: Dispatching event socket_raw_receive
2017-04-04 20:30:44,238:DEBUG:discord.gateway: WebSocket Event: {'t': None, 's': None, 'op': 11, 'd': None}
2017-04-04 20:30:44,239:DEBUG:discord.client: Dispatching event socket_response
